<?xml version="1.0" encoding="utf-8"?><testsuites name="pytest tests"><testsuite name="pytest" errors="0" failures="0" skipped="0" tests="23" time="2.770" timestamp="2026-05-31T17:13:01.512920+00:00" hostname="agent-env-d77d701b-ff7b-4f16-bf1a-8017440e57d0"><testcase classname="backend.tests.test_bearer_auth" name="test_session_exchange_rejects_invalid_session_id" time="0.263" /><testcase classname="backend.tests.test_bearer_auth" name="test_session_exchange_missing_body_returns_422" time="0.051" /><testcase classname="backend.tests.test_bearer_auth" name="test_auth_me_with_bearer_returns_user_and_role" time="0.155" /><testcase classname="backend.tests.test_bearer_auth" name="test_auth_me_with_invalid_bearer_returns_401" time="0.049" /><testcase classname="backend.tests.test_bearer_auth" name="test_consultants_endpoint_with_admin_bearer" time="0.108" /><testcase classname="backend.tests.test_bearer_auth" name="test_bookings_get_with_consultant_bearer" time="0.107" /><testcase classname="backend.tests.test_bearer_auth" name="test_bookings_patch_with_consultant_bearer" time="0.191" /><testcase classname="backend.tests.test_bearer_auth" name="test_bookings_patch_forbidden_for_client" time="0.141" /><testcase classname="backend.tests.test_bearer_auth" name="test_logout_with_bearer_invalidates_session" time="0.227" /><testcase classname="backend.tests.test_bearer_auth" name="test_logout_without_token_still_ok" time="0.050" /><testcase classname="backend.tests.test_bearer_auth" name="test_authresponse_model_has_session_token_field" time="0.233" /><testcase classname="backend.tests.test_role_auth" name="test_api_health" time="0.124" /><testcase classname="backend.tests.test_role_auth" name="test_auth_me_unauthenticated_returns_401" time="0.056" /><testcase classname="backend.tests.test_role_auth" name="test_consultants_endpoint_requires_auth" time="0.054" /><testcase classname="backend.tests.test_role_auth" name="test_bookings_requires_auth" time="0.052" /><testcase classname="backend.tests.test_role_auth" name="test_consultants_table_seeded" time="0.026" /><testcase classname="backend.tests.test_role_auth" name="test_users_table_schema" time="0.029" /><testcase classname="backend.tests.test_role_auth" name="test_admin_session_can_access_consultants_endpoint" time="0.106" /><testcase classname="backend.tests.test_role_auth" name="test_consultant_session_cannot_list_consultants" time="0.107" /><testcase classname="backend.tests.test_role_auth" name="test_client_session_cannot_list_consultants" time="0.105" /><testcase classname="backend.tests.test_role_auth" name="test_auth_me_with_valid_token_returns_user_with_role" time="0.107" /><testcase classname="backend.tests.test_role_auth" name="test_consultant_can_list_bookings" time="0.108" /><testcase classname="backend.tests.test_role_auth" name="test_expired_session_returns_401" time="0.109" /></testsuite></testsuites>