<?xml version="1.0" encoding="utf-8"?><testsuites name="pytest tests"><testsuite name="pytest" errors="0" failures="0" skipped="0" tests="12" time="1.436" timestamp="2026-05-31T17:02:15.322399+00:00" hostname="agent-env-d77d701b-ff7b-4f16-bf1a-8017440e57d0"><testcase classname="backend.tests.test_role_auth" name="test_api_health" time="0.170" /><testcase classname="backend.tests.test_role_auth" name="test_auth_me_unauthenticated_returns_401" time="0.057" /><testcase classname="backend.tests.test_role_auth" name="test_consultants_endpoint_requires_auth" time="0.055" /><testcase classname="backend.tests.test_role_auth" name="test_bookings_requires_auth" time="0.062" /><testcase classname="backend.tests.test_role_auth" name="test_consultants_table_seeded" time="0.062" /><testcase classname="backend.tests.test_role_auth" name="test_users_table_schema" time="0.030" /><testcase classname="backend.tests.test_role_auth" name="test_admin_session_can_access_consultants_endpoint" time="0.120" /><testcase classname="backend.tests.test_role_auth" name="test_consultant_session_cannot_list_consultants" time="0.114" /><testcase classname="backend.tests.test_role_auth" name="test_client_session_cannot_list_consultants" time="0.118" /><testcase classname="backend.tests.test_role_auth" name="test_auth_me_with_valid_token_returns_user_with_role" time="0.113" /><testcase classname="backend.tests.test_role_auth" name="test_consultant_can_list_bookings" time="0.109" /><testcase classname="backend.tests.test_role_auth" name="test_expired_session_returns_401" time="0.123" /></testsuite></testsuites>